<?xml version="1.0" encoding="UTF-8"?>
<testsuite xmlns:xsi="http://www.w3.org/2001/XMLSchema-instance" xsi:noNamespaceSchemaLocation="https://maven.apache.org/surefire/maven-surefire-plugin/xsd/surefire-test-report.xsd" version="3.0.2" name="com.example.AppTest" time="0.047" tests="1" errors="0" skipped="0" failures="0">
  <properties>
    <property name="java.specification.version" value="21"/>
    <property name="maven.user.extensions" value="C:\Users\Hp/.m2/extensions.xml"/>
    <property name="sun.cpu.isalist" value="amd64"/>
    <property name="sun.jnu.encoding" value="Cp1252"/>
    <property name="java.class.path" value="C:\Users\Hp\Desktop\mvn\myapp\target\test-classes;C:\Users\Hp\Desktop\mvn\myapp\target\classes;C:\Users\Hp\.m2\repository\junit\junit\3.8.1\junit-3.8.1.jar;"/>
    <property name="java.vm.vendor" value="Oracle Corporation"/>
    <property name="sun.arch.data.model" value="64"/>
    <property name="user.variant" value=""/>
    <property name="maven.user.toolchains" value="C:\Users\Hp/.m2/toolchains.xml"/>
    <property name="java.vendor.url" value="https://java.oracle.com/"/>
    <property name="user.timezone" value="Asia/Calcutta"/>
    <property name="java.vm.specification.version" value="21"/>
    <property name="os.name" value="Windows 11"/>
    <property name="maven.repo.central" value="https://repo.maven.apache.org/maven2"/>
    <property name="sun.java.launcher" value="SUN_STANDARD"/>
    <property name="user.country" value="US"/>
    <property name="session.topDirectory" value="C:\Users\Hp\Desktop\mvn\myapp"/>
    <property name="sun.boot.library.path" value="C:\Program Files\Java\jdk-21\bin"/>
    <property name="sun.java.command" value="C:\Users\Hp\AppData\Local\Temp\surefire7062045742658482038\surefirebooter-20250609144818038_3.jar C:\Users\Hp\AppData\Local\Temp\surefire7062045742658482038 2025-06-09T14-48-17_835-jvmRun1 surefire-20250609144818038_1tmp surefire_0-20250609144818038_2tmp"/>
    <property name="maven.project.settings" value="${session.rootDirectory}/.mvn/settings.xml"/>
    <property name="jdk.debug" value="release"/>
    <property name="surefire.test.class.path" value="C:\Users\Hp\Desktop\mvn\myapp\target\test-classes;C:\Users\Hp\Desktop\mvn\myapp\target\classes;C:\Users\Hp\.m2\repository\junit\junit\3.8.1\junit-3.8.1.jar;"/>
    <property name="sun.cpu.endian" value="little"/>
    <property name="user.home" value="C:\Users\Hp"/>
    <property name="user.language" value="en"/>
    <property name="java.specification.vendor" value="Oracle Corporation"/>
    <property name="java.version.date" value="2025-04-15"/>
    <property name="java.home" value="C:\Program Files\Java\jdk-21"/>
    <property name="maven.user.conf" value="C:\Users\Hp/.m2"/>
    <property name="file.separator" value="\"/>
    <property name="basedir" value="C:\Users\Hp\Desktop\mvn\myapp"/>
    <property name="java.vm.compressedOopsMode" value="Zero based"/>
    <property name="line.separator" value="&#10;"/>
    <property name="java.vm.specification.vendor" value="Oracle Corporation"/>
    <property name="java.specification.name" value="Java Platform API Specification"/>
    <property name="maven.project.conf" value="${session.rootDirectory}/.mvn"/>
    <property name="surefire.real.class.path" value="C:\Users\Hp\AppData\Local\Temp\surefire7062045742658482038\surefirebooter-20250609144818038_3.jar"/>
    <property name="user.script" value=""/>
    <property name="sun.management.compiler" value="HotSpot 64-Bit Tiered Compilers"/>
    <property name="java.runtime.version" value="21.0.7+8-LTS-245"/>
    <property name="user.name" value="Hp"/>
    <property name="stdout.encoding" value="Cp1252"/>
    <property name="maven.installation.conf" value="C:\Users\Hp\Downloads\maven-mvnd-2.0.0-rc-3-windows-amd64\maven-mvnd-2.0.0-rc-3-windows-amd64\mvn/conf"/>
    <property name="path.separator" value=";"/>
    <property name="os.version" value="10.0"/>
    <property name="java.runtime.name" value="Java(TM) SE Runtime Environment"/>
    <property name="file.encoding" value="UTF-8"/>
    <property name="maven.installation.toolchains" value="C:\Users\Hp\Downloads\maven-mvnd-2.0.0-rc-3-windows-amd64\maven-mvnd-2.0.0-rc-3-windows-amd64\mvn/conf/toolchains.xml"/>
    <property name="java.vm.name" value="Java HotSpot(TM) 64-Bit Server VM"/>
    <property name="localRepository" value="C:\Users\Hp\.m2\repository"/>
    <property name="maven.project.extensions" value="${session.rootDirectory}/.mvn/extensions.xml"/>
    <property name="java.vendor.url.bug" value="https://bugreport.java.com/bugreport/"/>
    <property name="java.io.tmpdir" value="C:\Users\Hp\AppData\Local\Temp\"/>
    <property name="maven.installation.extensions" value="C:\Users\Hp\Downloads\maven-mvnd-2.0.0-rc-3-windows-amd64\maven-mvnd-2.0.0-rc-3-windows-amd64\mvn/conf/extensions.xml"/>
    <property name="java.version" value="21.0.7"/>
    <property name="user.dir" value="C:\Users\Hp\Desktop\mvn\myapp"/>
    <property name="os.arch" value="amd64"/>
    <property name="java.vm.specification.name" value="Java Virtual Machine Specification"/>
    <property name="sun.os.patch.level" value=""/>
    <property name="native.encoding" value="Cp1252"/>
    <property name="java.library.path" value="C:\Program Files\Java\jdk-21\bin;C:\Windows\Sun\Java\bin;C:\Windows\system32;C:\Windows;C:\Program Files\Common Files\Oracle\Java\javapath;C:\Windows\system32;C:\Windows;C:\Windows\System32\Wbem;C:\Windows\System32\WindowsPowerShell\v1.0\;C:\Windows\System32\OpenSSH\;C:\Users\Hp\Downloads\maven-mvnd-2.0.0-rc-3-windows-amd64\maven-mvnd-2.0.0-rc-3-windows-amd64\mvn;C:\Users\Hp\Downloads\maven-mvnd-2.0.0-rc-3-windows-amd64\maven-mvnd-2.0.0-rc-3-windows-amd64\mvn\bin;C:\Users\Hp\AppData\Local\Programs\Python\Python313\;C:\Users\Hp\AppData\Local\Programs\Python\Python313\Scripts\;C:\Users\Hp\Downloads\gradle-8.14.1-all\gradle-8.14.1\bin;C:\Program Files\Git\cmd;C:\Users\Hp\AppData\Local\Programs\Python\Launcher\;C:\Users\Hp\AppData\Local\Microsoft\WindowsApps;C:\Program Files (x86)\Nmap;C:\Users\Hp\Desktop\apache-maven-3.9.9\apache-maven\src\bin;C:\Users\Hp\Downloads\gradle-8.14.1-all\gradle-8.14.1\bin;C:\Users\Hp\Downloads\maven-mvnd-2.0.0-rc-3-windows-amd64\maven-mvnd-2.0.0-rc-3-windows-amd64\bin;C:\Users\Hp\Downloads\gradle-8.14.1-all\gradle-8.14.1\bin;C:\Users\Hp\Downloads\gradle-8.14.1-all\gradle-8.14.1\bin;;."/>
    <property name="java.vm.info" value="mixed mode, sharing"/>
    <property name="stderr.encoding" value="Cp1252"/>
    <property name="java.vendor" value="Oracle Corporation"/>
    <property name="java.vm.version" value="21.0.7+8-LTS-245"/>
    <property name="maven.installation.settings" value="C:\Users\Hp\Downloads\maven-mvnd-2.0.0-rc-3-windows-amd64\maven-mvnd-2.0.0-rc-3-windows-amd64\mvn/conf/settings.xml"/>
    <property name="sun.io.unicode.encoding" value="UnicodeLittle"/>
    <property name="maven.user.settings" value="C:\Users\Hp/.m2/settings.xml"/>
    <property name="java.class.version" value="65.0"/>
  </properties>
  <testcase name="testApp" classname="com.example.AppTest" time="0.01"/>
</testsuite>